<?xml version="1.0" encoding="UTF-8"?>
<!-- Generated by org.testng.reporters.JUnitXMLReporter -->
<testsuite ignored="0" hostname="Prajyot-PC" failures="1" tests="1" name="Test1" time="23.941" errors="0" timestamp="05 Mar 2020 16:13:56 GMT">
  <testcase classname="com.nopCommerce.testCase.TC_LoginTest_001" name="loginTest" time="11.929">
    <failure type="java.lang.AssertionError" message="expected [true] but found [false]">
      <![CDATA[java.lang.AssertionError: expected [true] but found [false]
at com.nopCommerce.testCase.TC_LoginTest_001.loginTest(TC_LoginTest_001.java:32)
... Removed 29 stack frames]]>
    </failure>
  </testcase> <!-- loginTest -->
</testsuite> <!-- Test1 -->
