<?xml version="1.0" encoding="UTF-8"?>
<!-- Generated by org.testng.reporters.JUnitXMLReporter -->
<testsuite ignored="0" hostname="Prajyot-PC" failures="1" tests="1" name="Test1" time="25.365" errors="0" timestamp="25 Feb 2020 11:40:11 GMT">
  <testcase classname="com.nopCommerce.testCase.TC_LoginTest_001" name="loginTest" time="13.022">
    <failure type="java.lang.AssertionError" message="expected [true] but found [false]">
      <![CDATA[java.lang.AssertionError: expected [true] but found [false]
at com.nopCommerce.testCase.TC_LoginTest_001.loginTest(TC_LoginTest_001.java:32)
... Removed 29 stack frames]]>
    </failure>
  </testcase> <!-- loginTest -->
</testsuite> <!-- Test1 -->
