-------------------------------------------------------------------------------
Test set: TestSuite
-------------------------------------------------------------------------------
Tests run: 1, Failures: 1, Errors: 0, Skipped: 0, Time elapsed: 28.394 s <<< FAILURE! - in TestSuite
com.nopCommerce.testCase.TC_LoginTest_001.loginTest  Time elapsed: 13.748 s  <<< FAILURE!
java.lang.AssertionError: expected [true] but found [false]
	at com.nopCommerce.testCase.TC_LoginTest_001.loginTest(TC_LoginTest_001.java:32)

